Using pre-set license
Built from '2020.3/staging' branch; Version is '2020.3.25f1 (9b9180224418) revision 10195328'; Using compiler version '192528614'; Build Type 'Release'
OS: 'Windows 10  (10.0.19044) 64bit Professional' Language: 'fi' Physical Memory: 20302 MB
BatchMode: 1, IsHumanControllingUs: 0, StartBugReporterOnCrash: 0, Is64bit: 1, IsPro: 0

COMMAND LINE ARGUMENTS:
C:\Program Files\Unity\Hub\Editor\2020.3.25f1\Editor\Unity.exe
-adb2
-batchMode
-noUpm
-name
AssetImportWorker0
-projectPath
C:/Users/winst/Documents/skateboard game/SKEBO UNITY/Super Downhill Dash!
-logFile
Logs/AssetImportWorker0.log
-srvPort
60598
Successfully changed project path to: C:/Users/winst/Documents/skateboard game/SKEBO UNITY/Super Downhill Dash!
C:/Users/winst/Documents/skateboard game/SKEBO UNITY/Super Downhill Dash!
Using Asset Import Pipeline V2.
Refreshing native plugins compatible for Editor in 72.03 ms, found 2 plugins.
Preloading 0 native plugins for Editor in 0.00 ms.
Initialize engine version: 2020.3.25f1 (9b9180224418)
[Subsystems] Discovering subsystems at path C:/Program Files/Unity/Hub/Editor/2020.3.25f1/Editor/Data/Resources/UnitySubsystems
[Subsystems] Discovering subsystems at path C:/Users/winst/Documents/skateboard game/SKEBO UNITY/Super Downhill Dash!/Assets
GfxDevice: creating device client; threaded=0
Direct3D:
    Version:  Direct3D 11.0 [level 11.1]
    Renderer: AMD Radeon(TM) Graphics (ID=0x164c)
    Vendor:   
    VRAM:     10151 MB
    Driver:   30.0.13014.8
Initialize mono
Mono path[0] = 'C:/Program Files/Unity/Hub/Editor/2020.3.25f1/Editor/Data/Managed'
Mono path[1] = 'C:/Program Files/Unity/Hub/Editor/2020.3.25f1/Editor/Data/MonoBleedingEdge/lib/mono/unityjit'
Mono config path = 'C:/Program Files/Unity/Hub/Editor/2020.3.25f1/Editor/Data/MonoBleedingEdge/etc'
Using monoOptions --debugger-agent=transport=dt_socket,embedding=1,server=y,suspend=n,address=127.0.0.1:56208
Begin MonoManager ReloadAssembly
Registering precompiled unity dll's ...
Register platform support module: C:/Program Files/Unity/Hub/Editor/2020.3.25f1/Editor/Data/PlaybackEngines/WebGLSupport/UnityEditor.WebGL.Extensions.dll
Register platform support module: C:/Program Files/Unity/Hub/Editor/2020.3.25f1/Editor/Data/PlaybackEngines/MacStandaloneSupport/UnityEditor.OSXStandalone.Extensions.dll
Register platform support module: C:/Program Files/Unity/Hub/Editor/2020.3.25f1/Editor/Data/PlaybackEngines/WindowsStandaloneSupport/UnityEditor.WindowsStandalone.Extensions.dll
Registered in 0.005547 seconds.
Native extension for WindowsStandalone target not found
Native extension for OSXStandalone target not found
Native extension for WebGL target not found
Refreshing native plugins compatible for Editor in 84.16 ms, found 2 plugins.
Preloading 0 native plugins for Editor in 0.00 ms.
Mono: successfully reloaded assembly
- Completed reload, in  1.203 seconds
Domain Reload Profiling:
	ReloadAssembly (1204ms)
		BeginReloadAssembly (110ms)
			ExecutionOrderSort (0ms)
			DisableScriptedObjects (0ms)
			BackupInstance (0ms)
			ReleaseScriptingObjects (0ms)
			CreateAndSetChildDomain (1ms)
		EndReloadAssembly (933ms)
			LoadAssemblies (107ms)
			RebuildTransferFunctionScriptingTraits (0ms)
			SetupTypeCache (307ms)
			ReleaseScriptCaches (0ms)
			RebuildScriptCaches (67ms)
			SetupLoadedEditorAssemblies (349ms)
				LogAssemblyErrors (0ms)
				InitializePlatformSupportModulesInManaged (12ms)
				SetLoadedEditorAssemblies (0ms)
				RefreshPlugins (84ms)
				BeforeProcessingInitializeOnLoad (28ms)
				ProcessInitializeOnLoadAttributes (172ms)
				ProcessInitializeOnLoadMethodAttributes (53ms)
				AfterProcessingInitializeOnLoad (0ms)
				EditorAssembliesLoaded (0ms)
			ExecutionOrderSort2 (0ms)
			AwakeInstancesAfterBackupRestoration (0ms)
Platform modules already initialized, skipping
Registering precompiled user dll's ...
Registered in 0.008324 seconds.
Begin MonoManager ReloadAssembly
Native extension for WindowsStandalone target not found
Native extension for OSXStandalone target not found
Native extension for WebGL target not found
Refreshing native plugins compatible for Editor in 0.91 ms, found 2 plugins.
Preloading 0 native plugins for Editor in 0.00 ms.
Mono: successfully reloaded assembly
- Completed reload, in  2.046 seconds
Domain Reload Profiling:
	ReloadAssembly (2048ms)
		BeginReloadAssembly (286ms)
			ExecutionOrderSort (0ms)
			DisableScriptedObjects (10ms)
			BackupInstance (0ms)
			ReleaseScriptingObjects (0ms)
			CreateAndSetChildDomain (32ms)
		EndReloadAssembly (1631ms)
			LoadAssemblies (169ms)
			RebuildTransferFunctionScriptingTraits (0ms)
			SetupTypeCache (581ms)
			ReleaseScriptCaches (1ms)
			RebuildScriptCaches (81ms)
			SetupLoadedEditorAssemblies (621ms)
				LogAssemblyErrors (0ms)
				InitializePlatformSupportModulesInManaged (15ms)
				SetLoadedEditorAssemblies (2ms)
				RefreshPlugins (1ms)
				BeforeProcessingInitializeOnLoad (200ms)
				ProcessInitializeOnLoadAttributes (376ms)
				ProcessInitializeOnLoadMethodAttributes (14ms)
				AfterProcessingInitializeOnLoad (12ms)
				EditorAssembliesLoaded (0ms)
			ExecutionOrderSort2 (0ms)
			AwakeInstancesAfterBackupRestoration (12ms)
Platform modules already initialized, skipping
========================================================================
Worker process is ready to serve import requests
Launched and connected shader compiler UnityShaderCompiler.exe after 0.08 seconds
Refreshing native plugins compatible for Editor in 0.74 ms, found 2 plugins.
Preloading 0 native plugins for Editor in 0.00 ms.
Unloading 1663 Unused Serialized files (Serialized files now loaded: 0)
System memory in use before: 170.8 MB.
System memory in use after: 170.9 MB.

Unloading 18 unused Assets to reduce memory usage. Loaded Objects now: 2124.
Total: 5.189500 ms (FindLiveObjects: 0.263200 ms CreateObjectMapping: 0.073300 ms MarkObjects: 4.807900 ms  DeleteObjects: 0.043100 ms)

AssetImportParameters requested are different than current active one (requested -> active):
  custom:framework-win-MediaFoundation: 216162199b28c13a410421893ffa2e32 -> 
  custom:video-decoder-ogg-theora: a1e56fd34408186e4bbccfd4996cb3dc -> 
  custom:container-muxer-webm: aa71ff27fc2769a1b78a27578f13a17b -> 
  custom:container-demuxer-webm: 4f35f7cbe854078d1ac9338744f61a02 -> 
  custom:container-demuxer-ogg: 62fdf1f143b41e24485cea50d1cbac27 -> 
  custom:video-encoder-webm-vp8: eb34c28f22e8b96e1ab97ce403110664 -> 
  custom:video-codec-MediaFoundation-h265: 746d11721c4dcdbdad8f713fa42b33f4 -> 
  custom:video-decoder-webm-vp8: 9c59270c3fd7afecdb556c50c9e8de78 -> 
  custom:audio-decoder-ogg-vorbis: bf7c407c2cedff20999df2af8eb42d56 -> 
  custom:audio-encoder-webm-vorbis: bf7c407c2cedff20999df2af8eb42d56 -> 
========================================================================
Received Import Request.
  path: Packages/com.unity.postprocessing
  artifactKey: Guid(ff33dd3b13e5d4fd46bda47b475045d2) Importer(815301076,1909f56bfc062723c751e8b465ee728b)
Start importing Packages/com.unity.postprocessing using Guid(ff33dd3b13e5d4fd46bda47b475045d2) Importer(815301076,1909f56bfc062723c751e8b465ee728b)  -> (artifact id: '974e4e3d3e6d814ff42e6dc861a9294e') in 0.015269 seconds 
  Import took 0.020905 seconds .

========================================================================
Received Import Request.
  Time since last request: 0.650964 seconds.
  path: Assets/Pixelation
  artifactKey: Guid(b8778b93e65305d44a126b5951de54aa) Importer(815301076,1909f56bfc062723c751e8b465ee728b)
Start importing Assets/Pixelation using Guid(b8778b93e65305d44a126b5951de54aa) Importer(815301076,1909f56bfc062723c751e8b465ee728b)  -> (artifact id: '46da661a87b949cf97fc203defeaa3d0') in 0.014776 seconds 
  Import took 0.021377 seconds .

========================================================================
Received Import Request.
  Time since last request: 1.205153 seconds.
  path: Assets/Pixelation/Example
  artifactKey: Guid(5a3e58eca36176748addebb4499de85f) Importer(815301076,1909f56bfc062723c751e8b465ee728b)
Start importing Assets/Pixelation/Example using Guid(5a3e58eca36176748addebb4499de85f) Importer(815301076,1909f56bfc062723c751e8b465ee728b)  -> (artifact id: '389bc043ca4708abe51f24a6d70e03a6') in 0.016923 seconds 
  Import took 0.025866 seconds .

========================================================================
Received Import Request.
  Time since last request: 1.784181 seconds.
  path: Assets/Pixelation/Example/Materials
  artifactKey: Guid(9d055260b35c9cc46bd46d02562fd0a8) Importer(815301076,1909f56bfc062723c751e8b465ee728b)
Start importing Assets/Pixelation/Example/Materials using Guid(9d055260b35c9cc46bd46d02562fd0a8) Importer(815301076,1909f56bfc062723c751e8b465ee728b)  -> (artifact id: 'cec5c8800c53654198efee3ee99744f3') in 0.015927 seconds 
  Import took 0.024497 seconds .

========================================================================
Received Import Request.
  Time since last request: 0.889681 seconds.
  path: Assets/Pixelation/Scripts
  artifactKey: Guid(fdb9aac826ab4de4386bafd6e628a8f7) Importer(815301076,1909f56bfc062723c751e8b465ee728b)
Start importing Assets/Pixelation/Scripts using Guid(fdb9aac826ab4de4386bafd6e628a8f7) Importer(815301076,1909f56bfc062723c751e8b465ee728b)  -> (artifact id: '7dfea8f34e5d9ddfd25c3a5453407bb7') in 0.015676 seconds 
  Import took 0.024297 seconds .

========================================================================
Received Import Request.
  Time since last request: 33.250943 seconds.
  path: Assets/Pixelation/Shaders
  artifactKey: Guid(40293c3875c9dba4c81fdbbf46262853) Importer(815301076,1909f56bfc062723c751e8b465ee728b)
Start importing Assets/Pixelation/Shaders using Guid(40293c3875c9dba4c81fdbbf46262853) Importer(815301076,1909f56bfc062723c751e8b465ee728b)  -> (artifact id: 'a83bf1f5dcca9cb4c52bd6a9ff60a817') in 0.011284 seconds 
  Import took 0.018612 seconds .

========================================================================
Received Import Request.
  Time since last request: 1.561184 seconds.
  path: Assets/Pixelation/Shaders/Chunky.shader
  artifactKey: Guid(021f74a6bc502364ea09233306e2eac2) Importer(815301076,1909f56bfc062723c751e8b465ee728b)
Start importing Assets/Pixelation/Shaders/Chunky.shader using Guid(021f74a6bc502364ea09233306e2eac2) Importer(815301076,1909f56bfc062723c751e8b465ee728b)  -> (artifact id: '4185019f53f5653090e03eb4343072cd') in 0.066786 seconds 
  Import took 0.073610 seconds .

========================================================================
Received Import Request.
  Time since last request: 257.351025 seconds.
  path: Assets/UI & Game Systems
  artifactKey: Guid(f26b9a4917e33c840977385aea9d4a36) Importer(815301076,1909f56bfc062723c751e8b465ee728b)
Start importing Assets/UI & Game Systems using Guid(f26b9a4917e33c840977385aea9d4a36) Importer(815301076,1909f56bfc062723c751e8b465ee728b)  -> (artifact id: 'a49ad8194679527ab142b6c9af07aeca') in 0.015633 seconds 
  Import took 0.023746 seconds .

========================================================================
Received Import Request.
  Time since last request: 18.230455 seconds.
  path: Assets/UI & Game Systems/Scripts/GameManager.cs
  artifactKey: Guid(d86fdf832c2ed7845ab416c881debd25) Importer(815301076,1909f56bfc062723c751e8b465ee728b)
Start importing Assets/UI & Game Systems/Scripts/GameManager.cs using Guid(d86fdf832c2ed7845ab416c881debd25) Importer(815301076,1909f56bfc062723c751e8b465ee728b)  -> (artifact id: 'd5ffe9cee773d0f66a9999bed5c0f934') in 0.061374 seconds 
  Import took 0.067966 seconds .

========================================================================
Received Import Request.
  Time since last request: 38.016061 seconds.
  path: Assets/Prefabs/Game System
  artifactKey: Guid(300b85a595c64c148b57b0ce43bfdc0e) Importer(815301076,1909f56bfc062723c751e8b465ee728b)
Start importing Assets/Prefabs/Game System using Guid(300b85a595c64c148b57b0ce43bfdc0e) Importer(815301076,1909f56bfc062723c751e8b465ee728b)  -> (artifact id: 'd718c6d3f57d142fb90507beafbbd8c6') in 0.015904 seconds 
  Import took 0.023081 seconds .

========================================================================
Received Import Request.
  Time since last request: 78.615414 seconds.
  path: Assets/Vee
  artifactKey: Guid(735c8ab1ac489334087386878af27182) Importer(815301076,1909f56bfc062723c751e8b465ee728b)
Start importing Assets/Vee using Guid(735c8ab1ac489334087386878af27182) Importer(815301076,1909f56bfc062723c751e8b465ee728b)  -> (artifact id: 'f02767f399662534f408ed928d7da9a2') in 0.018131 seconds 
  Import took 0.026188 seconds .

========================================================================
Received Import Request.
  Time since last request: 0.472083 seconds.
  path: Assets/Vee2
  artifactKey: Guid(8d4783d285bebc44c87e6c56a1dd847c) Importer(815301076,1909f56bfc062723c751e8b465ee728b)
Start importing Assets/Vee2 using Guid(8d4783d285bebc44c87e6c56a1dd847c) Importer(815301076,1909f56bfc062723c751e8b465ee728b)  -> (artifact id: 'f278ec807e3e535a97bb05deaa4287ca') in 0.015875 seconds 
  Import took 0.023478 seconds .

========================================================================
Received Import Request.
  Time since last request: 77.884566 seconds.
  path: Assets/hole
  artifactKey: Guid(1ddeec9eb04ec9846b211c7b3f866332) Importer(815301076,1909f56bfc062723c751e8b465ee728b)
Start importing Assets/hole using Guid(1ddeec9eb04ec9846b211c7b3f866332) Importer(815301076,1909f56bfc062723c751e8b465ee728b)  -> (artifact id: 'b2cc8702c823332af134776a5e0b9358') in 0.011309 seconds 
  Import took 0.017372 seconds .

========================================================================
Received Import Request.
  Time since last request: 3.394786 seconds.
  path: Assets/misc/ExitGame.cs
  artifactKey: Guid(842df86d1ec751344bac156756192497) Importer(815301076,1909f56bfc062723c751e8b465ee728b)
Start importing Assets/misc/ExitGame.cs using Guid(842df86d1ec751344bac156756192497) Importer(815301076,1909f56bfc062723c751e8b465ee728b)  -> (artifact id: 'c921cec438d5e7e67e8aeb38d9072ab9') in 0.011725 seconds 
  Import took 0.017436 seconds .

========================================================================
Received Import Request.
  Time since last request: 0.636028 seconds.
  path: Assets/misc/ööö ok
  artifactKey: Guid(b928c1477b711c54a8ee15d2b5b4dbe5) Importer(815301076,1909f56bfc062723c751e8b465ee728b)
Start importing Assets/misc/ööö ok using Guid(b928c1477b711c54a8ee15d2b5b4dbe5) Importer(815301076,1909f56bfc062723c751e8b465ee728b)  -> (artifact id: 'a27b92750f1ba1f986baf95c1c476e7e') in 0.013619 seconds 
  Import took 0.018574 seconds .

========================================================================
Received Import Request.
  Time since last request: 1.101258 seconds.
  path: Assets/misc/MusicControl.cs
  artifactKey: Guid(327157b3f14915844b28c41cd1e054fd) Importer(815301076,1909f56bfc062723c751e8b465ee728b)
Start importing Assets/misc/MusicControl.cs using Guid(327157b3f14915844b28c41cd1e054fd) Importer(815301076,1909f56bfc062723c751e8b465ee728b)  -> (artifact id: '72c1f255d8d699c0fc6837dc4b7c4007') in 0.012825 seconds 
  Import took 0.017813 seconds .

========================================================================
Received Import Request.
  Time since last request: 0.555856 seconds.
  path: Assets/misc/WatchCars.cs
  artifactKey: Guid(77eefa60db1d46a4d838353205494d82) Importer(815301076,1909f56bfc062723c751e8b465ee728b)
Start importing Assets/misc/WatchCars.cs using Guid(77eefa60db1d46a4d838353205494d82) Importer(815301076,1909f56bfc062723c751e8b465ee728b)  -> (artifact id: '3ecde883936294597478f43afcbce51b') in 0.011207 seconds 
  Import took 0.017145 seconds .

========================================================================
Received Import Request.
  Time since last request: 3.607151 seconds.
  path: Assets/misc/menu stuff/MainMenu.cs
  artifactKey: Guid(e1964e3e5b6836a43aa501932a0ee45d) Importer(815301076,1909f56bfc062723c751e8b465ee728b)
Start importing Assets/misc/menu stuff/MainMenu.cs using Guid(e1964e3e5b6836a43aa501932a0ee45d) Importer(815301076,1909f56bfc062723c751e8b465ee728b)  -> (artifact id: 'c4703516816cf0e99b62840e3a729b07') in 0.014607 seconds 
  Import took 0.020980 seconds .

========================================================================
Received Import Request.
  Time since last request: 87.557337 seconds.
  path: Assets/Prefabs
  artifactKey: Guid(3a232ded261cbab4b89623b1e40ed12c) Importer(815301076,1909f56bfc062723c751e8b465ee728b)
Start importing Assets/Prefabs using Guid(3a232ded261cbab4b89623b1e40ed12c) Importer(815301076,1909f56bfc062723c751e8b465ee728b)  -> (artifact id: 'dd95e3bde955109271edaec9f6f1d117') in 0.018015 seconds 
  Import took 0.024477 seconds .

========================================================================
Received Import Request.
  Time since last request: 2.568998 seconds.
  path: Assets/Prefabs/UI/Canvas.prefab
  artifactKey: Guid(d26abd279aac2ae46978f141ee8b896b) Importer(815301076,1909f56bfc062723c751e8b465ee728b)
Start importing Assets/Prefabs/UI/Canvas.prefab using Guid(d26abd279aac2ae46978f141ee8b896b) Importer(815301076,1909f56bfc062723c751e8b465ee728b)  -> (artifact id: 'a86b0b99cbddd265e383fe1fc70c136b') in 0.065712 seconds 
  Import took 0.071306 seconds .

========================================================================
Received Import Request.
  Time since last request: 115.053294 seconds.
  path: Assets/UI & Game Systems/Scripts/Score.cs
  artifactKey: Guid(c0e320d630b0abb4ea62bb7ad37bc9e4) Importer(815301076,1909f56bfc062723c751e8b465ee728b)
Start importing Assets/UI & Game Systems/Scripts/Score.cs using Guid(c0e320d630b0abb4ea62bb7ad37bc9e4) Importer(815301076,1909f56bfc062723c751e8b465ee728b)  -> (artifact id: '42dd328d4c5ce1472c89c5532bf612f6') in 0.013993 seconds 
  Import took 0.021108 seconds .

AssetImportWorkerClient::OnTransportError - code=2 error=End of file
